        -:    0:Source:color_class.cpp
        -:    0:Graph:color_class.gcno
        -:    0:Data:color_class.gcda
        -:    0:Runs:1
        -:    1:#include<iostream>
        -:    2:#include<string>
        -:    3:#include "color_class.h"
        -:    4:
        -:    5:
        -:    6:
        1:    7:Color:: Color():m_r(0xFF0000), m_g(0x00FF00), m_b(0x0000FF),colortype(BLUE) {};
        -:    8:
    #####:    9:Color::Color(int r, int g, int b){
    #####:   10:    m_r = r;
    #####:   11:    m_g = g;
    #####:   12:    m_b = b;
    #####:   13:}       //r,g,b values
        -:   14:
    #####:   15:Color::Color(int r):m_g(0x00FF00), m_b(0x0000FF),colortype(BLUE) {
    #####:   16:    m_r = r;
    #####:   17:}               //Hex value as int
        -:   18:
    #####:   19:Color::Color(std::string r):m_g(0x00FF00), m_b(0x0000FF),colortype(BLUE){
    #####:   20:    m_r = stoi(r);
    %%%%%:   20-block  0
    #####:   21:}       //Hex value as string
        -:   22:
    #####:   23:Color::Color(color_t color):m_r(0xFF0000), m_g(0x00FF00), m_b(0x0000FF),colortype(BLUE){
    #####:   24:    colortype = color;
    #####:   25:}           //enum 
        -:   26:
        1:   27:int Color::getmr() {
        1:   28:    return m_r;
        1:   28-block  0
        -:   29:}
        -:   30:
        1:   31:int Color::getmg() {
        1:   32:    return m_g;
        1:   32-block  0
        -:   33:}
        -:   34:
        1:   35:int Color::getmb() {
        1:   36:    return m_b;
        1:   36-block  0
        -:   37:}
        -:   38:
        1:   39:color_t Color::getColortype() {
        1:   40:    return colortype;
        1:   40-block  0
        -:   41:}
        -:   42:
    #####:   43:void Color::invert() {
    #####:   44:    m_r = 0xFFFFFF - m_r;
    #####:   45:    m_g = 0xFFFFFF - m_g;
    #####:   46:    m_b = 0xFFFFFF - m_b;
    #####:   47:}
        -:   48:
    #####:   49:void Color::display() const {
    #####:   50:    std::cout<<"Value of r: "<<m_r<<std::endl;
    %%%%%:   50-block  0
    #####:   51:    std::cout<<"Value of g: "<<m_g<<std::endl;
    #####:   52:    std::cout<<"Value of b: "<<m_b<<std::endl;
    #####:   53:    std::cout<<"Color type is: "<<colortype<<std::endl;
    #####:   54:    std::cout<<"-------------------------"<<std::endl;
    #####:   55:}
        -:   56:
        -:   57:
